{"logTime": "0420/195736", "correlationVector":"7DfsCCQoEUytu0yv91QZN8.1","action":"SyncServerConnectionManagerRequest", "result":"SYNC_SERVER_OK", "context":{"environment":"Prod_eastus_prod-s01-056-nam-eastus", "migrationStage":"NotStarted", "server":"akswtt11300000k"}}
{"logTime": "0420/195736", "correlationVector":"7DfsCCQoEUytu0yv91QZN8.2","action":"ProcessGetUpdates", "result":"Done", "context":{"dataType":"Encryption Keys", "deleted":"0", "process_failed_to_decrypt":"0", "process_pending_decryption":"0", "process_success":"1", "total":"1"}}
{"logTime": "0420/195737", "correlationVector":"ESow+SkBUI1B8b4TGjvyIH","action":"SyncServerConnectionManagerRequest", "result":"SYNC_SERVER_OK", "context":{"environment":"", "migrationStage":"", "server":""}}
{"logTime": "0420/195737", "correlationVector":"ESow+SkBUI1B8b4TGjvyIH.0","action":"EncryptionKeysFetcher.DownloadKeys:", "result":"Success", "context":Key count: 7, Last key timestamp: 2025-11-13T21:31:44Z}
{"logTime": "0420/195737", "correlationVector":"ESow+SkBUI1B8b4TGjvyIH.1","action":"EncryptionKeysManager::SetEncryptionKeys:", "result":"Success", "context":Key names[7]:[wV3MSS+QFfkd+aJ4Sldm9C5EWb1EZyBp2QbIfaFpKPGhot0l+N2JBBoaZWYCWY9XpjprtnfdN55Hnxbpx+FE3w==][FhRO/LLPk4YAiR2mVcYtYXuQfy1g2edOnZFOpC7iv8mSQ2ygPVGzWWwZ6k7twPR6wgAW5IXs2hAj7Yo17eWMrQ==][kt59IfSxemzRLCkIGPfa5foPS1De/kSLAFEoidir1D3Or/xJ9D9Kq91LS6q1kX9g80wTAt4uxK7kgojtoo8nZg==][yCjj4kc3aJf+IqWZHLUvFWXPRwnzsQVBunfZgJx9LBG7Ubu0gxYqSo37EMHX1mckmVq7Ff7A8X5UNzMMz6sFpQ==][lpXjJNV8xhxgNil9iO5Aeyq80hcbiLvrULIC38YagBhBrdcHVPSA6ZpUDAhD+fdDaQfOn8YZdV7aeBBrF1Bz9A==][ihTmIjRGdvVn732xJQPv3Pejosg6o2mhfzHquGvTtz2iEvYhsT9bz8ijNWasJE7DK+I0wpqja4CiMLTcGBExig==][4Hg078NLHWUlSvqMdzVcGBSeHK4VrMqKJETKXGJhWmqLNojWBxbhd6L9ycORC2qwYkwCsZwj389XswBc2GjwjQ==]}
{"logTime": "0420/195737", "correlationVector":"ESow+SkBUI1B8b4TGjvyIH.2","action":"EncryptionKeysManager::SetEncryptionKeysWithTimestamps:", "result":"Success", "context":Key timestamps[7]:[2022-10-01T21:42:23Z][2023-04-02T19:43:33Z][2023-10-04T21:30:24Z][2024-04-22T19:22:46Z][2024-10-24T22:53:45Z][2025-05-16T22:08:24Z][2025-11-13T21:31:44Z]}
{"logTime": "0420/195737", "correlationVector":"7DfsCCQoEUytu0yv91QZN8","action":"Initial GetUpdates", "result":"", "context":Reason: NEW_CLIENT. cV=7DfsCCQoEUytu0yv91QZN8}
{"logTime": "0420/195737", "correlationVector":"7DfsCCQoEUytu0yv91QZN8.3","action":"GetUpdates Response", "result":"Success", "context":Received 1 update(s). cV=7DfsCCQoEUytu0yv91QZN8.0;server=akswtt11300000k;cloudType=Consumer;environment=Prod_eastus_prod-s01-056-nam-eastus;migrationStage=NotStarted}
{"logTime": "0420/195737", "correlationVector":"8rzGEBRCAUnd95ca2tozWh","action":"Initial GetUpdates", "result":"", "context":Reason: NEW_CLIENT. cV=8rzGEBRCAUnd95ca2tozWh}
{"logTime": "0420/195737", "correlationVector":"8rzGEBRCAUnd95ca2tozWh.1","action":"SyncServerConnectionManagerRequest", "result":"SYNC_SERVER_OK", "context":{"environment":"Prod_eastus_prod-s01-056-nam-eastus", "migrationStage":"NotStarted", "server":"akswtt11300000n"}}
{"logTime": "0420/195737", "correlationVector":"8rzGEBRCAUnd95ca2tozWh.2","action":"ProcessGetUpdates", "result":"Done", "context":{"dataType":"Preferences", "deleted":"0", "process_failed_to_decrypt":"0", "process_pending_decryption":"0", "process_success":"64", "total":"64"}}
{"logTime": "0420/195737", "correlationVector":"8rzGEBRCAUnd95ca2tozWh.3","action":"ProcessGetUpdates", "result":"Done", "context":{"dataType":"Passwords", "deleted":"0", "process_failed_to_decrypt":"0", "process_pending_decryption":"0", "process_success":"10", "total":"10"}}
{"logTime": "0420/195737", "correlationVector":"8rzGEBRCAUnd95ca2tozWh.4","action":"ProcessGetUpdates", "result":"Done", "context":{"dataType":"Device Info", "deleted":"0", "process_failed_to_decrypt":"0", "process_pending_decryption":"0", "process_success":"54", "total":"54"}}
{"logTime": "0420/195737", "correlationVector":"8rzGEBRCAUnd95ca2tozWh.5","action":"GetUpdates Response", "result":"Success", "context":Received 128 update(s). cV=8rzGEBRCAUnd95ca2tozWh.0;server=akswtt11300000n;cloudType=Consumer;environment=Prod_eastus_prod-s01-056-nam-eastus;migrationStage=NotStarted}
{"logTime": "0420/195737", "correlationVector":"DE+no5eoKDStr3MC3w3x2z","action":"Initial GetUpdates", "result":"", "context":Reason: NEW_CLIENT. cV=DE+no5eoKDStr3MC3w3x2z}
{"logTime": "0420/195737", "correlationVector":"DE+no5eoKDStr3MC3w3x2z.1","action":"SyncServerConnectionManagerRequest", "result":"SYNC_SERVER_OK", "context":{"environment":"Prod_eastus_prod-s01-056-nam-eastus", "migrationStage":"NotStarted", "server":"akswtt11300000g"}}
{"logTime": "0420/195737", "correlationVector":"DE+no5eoKDStr3MC3w3x2z.2","action":"ProcessGetUpdates", "result":"Done", "context":{"dataType":"Bookmarks", "deleted":"0", "process_failed_to_decrypt":"0", "process_pending_decryption":"0", "process_success":"11", "total":"11"}}
{"logTime": "0420/195737", "correlationVector":"DE+no5eoKDStr3MC3w3x2z.3","action":"GetUpdates Response", "result":"Success", "context":Received 11 update(s). cV=DE+no5eoKDStr3MC3w3x2z.0;server=akswtt11300000g;cloudType=Consumer;environment=Prod_eastus_prod-s01-056-nam-eastus;migrationStage=NotStarted}
{"logTime": "0420/195737", "correlationVector":"SqBs/eH8ubOiLZie83NLlu","action":"Initial GetUpdates", "result":"", "context":Reason: NEW_CLIENT. cV=SqBs/eH8ubOiLZie83NLlu}
{"logTime": "0420/195738", "correlationVector":"SqBs/eH8ubOiLZie83NLlu.1","action":"SyncServerConnectionManagerRequest", "result":"SYNC_SERVER_OK", "context":{"environment":"Prod_eastus_prod-s01-056-nam-eastus", "migrationStage":"NotStarted", "server":"akswtt11300000j"}}
{"logTime": "0420/195738", "correlationVector":"SqBs/eH8ubOiLZie83NLlu.2","action":"ProcessGetUpdates", "result":"Done", "context":{"dataType":"Autofill Profiles", "deleted":"0", "process_failed_to_decrypt":"0", "process_pending_decryption":"0", "process_success":"1", "total":"1"}}
{"logTime": "0420/195738", "correlationVector":"SqBs/eH8ubOiLZie83NLlu.3","action":"ProcessGetUpdates", "result":"Done", "context":{"dataType":"Autofill", "deleted":"0", "process_failed_to_decrypt":"0", "process_pending_decryption":"0", "process_success":"26", "total":"26"}}
{"logTime": "0420/195738", "correlationVector":"SqBs/eH8ubOiLZie83NLlu.4","action":"ProcessGetUpdates", "result":"Done", "context":{"dataType":"Extensions", "deleted":"0", "process_failed_to_decrypt":"0", "process_pending_decryption":"0", "process_success":"1", "total":"1"}}
{"logTime": "0420/195738", "correlationVector":"SqBs/eH8ubOiLZie83NLlu.5","action":"ProcessGetUpdates", "result":"Done", "context":{"dataType":"Sessions", "deleted":"0", "process_failed_to_decrypt":"0", "process_pending_decryption":"0", "process_success":"4", "total":"4"}}
{"logTime": "0420/195738", "correlationVector":"SqBs/eH8ubOiLZie83NLlu.6","action":"ProcessGetUpdates", "result":"Done", "context":{"dataType":"Web Apps", "deleted":"0", "process_failed_to_decrypt":"0", "process_pending_decryption":"0", "process_success":"1", "total":"1"}}
{"logTime": "0420/195738", "correlationVector":"SqBs/eH8ubOiLZie83NLlu.7","action":"ProcessGetUpdates", "result":"Done", "context":{"dataType":"Collection", "deleted":"0", "process_failed_to_decrypt":"0", "process_pending_decryption":"0", "process_success":"2", "total":"2"}}
{"logTime": "0420/195738", "correlationVector":"SqBs/eH8ubOiLZie83NLlu.8","action":"ProcessGetUpdates", "result":"Done", "context":{"dataType":"Edge Hub App Usage", "deleted":"0", "process_failed_to_decrypt":"0", "process_pending_decryption":"0", "process_success":"27", "total":"27"}}
{"logTime": "0420/195738", "correlationVector":"SqBs/eH8ubOiLZie83NLlu.9","action":"GetUpdates Response", "result":"Success", "context":Received 62 update(s). cV=SqBs/eH8ubOiLZie83NLlu.0;server=akswtt11300000j;cloudType=Consumer;environment=Prod_eastus_prod-s01-056-nam-eastus;migrationStage=NotStarted}
{"logTime": "0420/195738", "correlationVector":"6Wuht6LYdGqntOJIeY0suF","action":"Initial GetUpdates", "result":"", "context":Reason: NEW_CLIENT. cV=6Wuht6LYdGqntOJIeY0suF}
{"logTime": "0420/195738", "correlationVector":"6Wuht6LYdGqntOJIeY0suF.1","action":"SyncServerConnectionManagerRequest", "result":"SYNC_SERVER_OK", "context":{"environment":"Prod_eastus_prod-s01-056-nam-eastus", "migrationStage":"NotStarted", "server":"akswtt11300000l"}}
{"logTime": "0420/195738", "correlationVector":"6Wuht6LYdGqntOJIeY0suF.2","action":"ProcessGetUpdates", "result":"Done", "context":{"dataType":"History", "deleted":"0", "process_failed_to_decrypt":"0", "process_pending_decryption":"0", "process_success":"43", "total":"43"}}
{"logTime": "0420/195738", "correlationVector":"6Wuht6LYdGqntOJIeY0suF.3","action":"GetUpdates Response", "result":"Success", "context":Received 43 update(s). cV=6Wuht6LYdGqntOJIeY0suF.0;server=akswtt11300000l;cloudType=Consumer;environment=Prod_eastus_prod-s01-056-nam-eastus;migrationStage=NotStarted}
{"logTime": "0420/195738", "correlationVector":"kXN1wmo4LfFsA2sCH9Ggik","action":"Normal GetUpdate request", "result":"", "context":cV=kXN1wmo4LfFsA2sCH9Ggik
Nudged types: Sessions, Device Info, User Consents
Refresh requested types: Bookmarks, Preferences, Passwords, Autofill Profiles, Autofill, Extensions, Sessions, Extension settings, History Delete Directives, Device Info, User Consents, Send Tab To Self, Web Apps, History, Saved Tab Group, WebAuthn Credentials, Collection, Edge E Drop, Edge Hub App Usage, Edge Wallet, Edge Workspace, Encryption Keys}
