{"logTime": "0420/195329", "correlationVector":"jdBUhgjWN1l5Z7YhnT4Rb9.1","action":"SyncServerConnectionManagerRequest", "result":"SYNC_SERVER_OK", "context":{"environment":"Prod_eastus2_prod-s01-050-nam-eastus2", "migrationStage":"NotStarted", "server":"akswtt113000003"}}
{"logTime": "0420/195329", "correlationVector":"jdBUhgjWN1l5Z7YhnT4Rb9.2","action":"ProcessGetUpdates", "result":"Done", "context":{"dataType":"Encryption Keys", "deleted":"0", "process_failed_to_decrypt":"0", "process_pending_decryption":"0", "process_success":"1", "total":"1"}}
{"logTime": "0420/195329", "correlationVector":"z9ZlMPS3bGxpo+5MRRGPSl","action":"SyncServerConnectionManagerRequest", "result":"SYNC_SERVER_OK", "context":{"environment":"", "migrationStage":"", "server":""}}
{"logTime": "0420/195329", "correlationVector":"z9ZlMPS3bGxpo+5MRRGPSl.0","action":"EncryptionKeysFetcher.DownloadKeys:", "result":"Success", "context":Key count: 7, Last key timestamp: 2025-11-13T21:31:44Z}
{"logTime": "0420/195329", "correlationVector":"z9ZlMPS3bGxpo+5MRRGPSl.1","action":"EncryptionKeysManager::SetEncryptionKeys:", "result":"Success", "context":Key names[7]:[wV3MSS+QFfkd+aJ4Sldm9C5EWb1EZyBp2QbIfaFpKPGhot0l+N2JBBoaZWYCWY9XpjprtnfdN55Hnxbpx+FE3w==][FhRO/LLPk4YAiR2mVcYtYXuQfy1g2edOnZFOpC7iv8mSQ2ygPVGzWWwZ6k7twPR6wgAW5IXs2hAj7Yo17eWMrQ==][kt59IfSxemzRLCkIGPfa5foPS1De/kSLAFEoidir1D3Or/xJ9D9Kq91LS6q1kX9g80wTAt4uxK7kgojtoo8nZg==][yCjj4kc3aJf+IqWZHLUvFWXPRwnzsQVBunfZgJx9LBG7Ubu0gxYqSo37EMHX1mckmVq7Ff7A8X5UNzMMz6sFpQ==][lpXjJNV8xhxgNil9iO5Aeyq80hcbiLvrULIC38YagBhBrdcHVPSA6ZpUDAhD+fdDaQfOn8YZdV7aeBBrF1Bz9A==][ihTmIjRGdvVn732xJQPv3Pejosg6o2mhfzHquGvTtz2iEvYhsT9bz8ijNWasJE7DK+I0wpqja4CiMLTcGBExig==][4Hg078NLHWUlSvqMdzVcGBSeHK4VrMqKJETKXGJhWmqLNojWBxbhd6L9ycORC2qwYkwCsZwj389XswBc2GjwjQ==]}
{"logTime": "0420/195329", "correlationVector":"z9ZlMPS3bGxpo+5MRRGPSl.2","action":"EncryptionKeysManager::SetEncryptionKeysWithTimestamps:", "result":"Success", "context":Key timestamps[7]:[2022-10-01T21:42:23Z][2023-04-02T19:43:33Z][2023-10-04T21:30:24Z][2024-04-22T19:22:46Z][2024-10-24T22:53:45Z][2025-05-16T22:08:24Z][2025-11-13T21:31:44Z]}
{"logTime": "0420/195329", "correlationVector":"jdBUhgjWN1l5Z7YhnT4Rb9","action":"Initial GetUpdates", "result":"", "context":Reason: NEW_CLIENT. cV=jdBUhgjWN1l5Z7YhnT4Rb9}
{"logTime": "0420/195329", "correlationVector":"jdBUhgjWN1l5Z7YhnT4Rb9.3","action":"GetUpdates Response", "result":"Success", "context":Received 1 update(s). cV=jdBUhgjWN1l5Z7YhnT4Rb9.0;server=akswtt113000003;cloudType=Consumer;environment=Prod_eastus2_prod-s01-050-nam-eastus2;migrationStage=NotStarted}
{"logTime": "0420/195329", "correlationVector":"4zIPWZfDctpNAlIuhCcUkQ","action":"Initial GetUpdates", "result":"", "context":Reason: NEW_CLIENT. cV=4zIPWZfDctpNAlIuhCcUkQ}
{"logTime": "0420/195330", "correlationVector":"4zIPWZfDctpNAlIuhCcUkQ.1","action":"SyncServerConnectionManagerRequest", "result":"SYNC_SERVER_OK", "context":{"environment":"Prod_eastus2_prod-s01-050-nam-eastus2", "migrationStage":"NotStarted", "server":"akswtt11300000i"}}
{"logTime": "0420/195330", "correlationVector":"4zIPWZfDctpNAlIuhCcUkQ.2","action":"ProcessGetUpdates", "result":"Done", "context":{"dataType":"Preferences", "deleted":"0", "process_failed_to_decrypt":"0", "process_pending_decryption":"0", "process_success":"64", "total":"64"}}
{"logTime": "0420/195330", "correlationVector":"4zIPWZfDctpNAlIuhCcUkQ.3","action":"ProcessGetUpdates", "result":"Done", "context":{"dataType":"Passwords", "deleted":"0", "process_failed_to_decrypt":"0", "process_pending_decryption":"0", "process_success":"10", "total":"10"}}
{"logTime": "0420/195330", "correlationVector":"4zIPWZfDctpNAlIuhCcUkQ.4","action":"ProcessGetUpdates", "result":"Done", "context":{"dataType":"Device Info", "deleted":"0", "process_failed_to_decrypt":"0", "process_pending_decryption":"0", "process_success":"54", "total":"54"}}
{"logTime": "0420/195330", "correlationVector":"4zIPWZfDctpNAlIuhCcUkQ.5","action":"GetUpdates Response", "result":"Success", "context":Received 128 update(s). cV=4zIPWZfDctpNAlIuhCcUkQ.0;server=akswtt11300000i;cloudType=Consumer;environment=Prod_eastus2_prod-s01-050-nam-eastus2;migrationStage=NotStarted}
{"logTime": "0420/195330", "correlationVector":"1SB/ZSFHM8kbcvzhABiF9T","action":"Initial GetUpdates", "result":"", "context":Reason: NEW_CLIENT. cV=1SB/ZSFHM8kbcvzhABiF9T}
{"logTime": "0420/195330", "correlationVector":"1SB/ZSFHM8kbcvzhABiF9T.1","action":"SyncServerConnectionManagerRequest", "result":"SYNC_SERVER_OK", "context":{"environment":"Prod_eastus2_prod-s01-050-nam-eastus2", "migrationStage":"NotStarted", "server":"akswtt113000008"}}
{"logTime": "0420/195330", "correlationVector":"1SB/ZSFHM8kbcvzhABiF9T.2","action":"ProcessGetUpdates", "result":"Done", "context":{"dataType":"Bookmarks", "deleted":"0", "process_failed_to_decrypt":"0", "process_pending_decryption":"0", "process_success":"11", "total":"11"}}
{"logTime": "0420/195330", "correlationVector":"1SB/ZSFHM8kbcvzhABiF9T.3","action":"GetUpdates Response", "result":"Success", "context":Received 11 update(s). cV=1SB/ZSFHM8kbcvzhABiF9T.0;server=akswtt113000008;cloudType=Consumer;environment=Prod_eastus2_prod-s01-050-nam-eastus2;migrationStage=NotStarted}
{"logTime": "0420/195330", "correlationVector":"uIv/vkkUFtuNtiwp+dfdSp","action":"Initial GetUpdates", "result":"", "context":Reason: NEW_CLIENT. cV=uIv/vkkUFtuNtiwp+dfdSp}
{"logTime": "0420/195330", "correlationVector":"uIv/vkkUFtuNtiwp+dfdSp.1","action":"SyncServerConnectionManagerRequest", "result":"SYNC_SERVER_OK", "context":{"environment":"Prod_eastus_prod-s01-056-nam-eastus", "migrationStage":"NotStarted", "server":"akswtt11300000b"}}
{"logTime": "0420/195330", "correlationVector":"uIv/vkkUFtuNtiwp+dfdSp.2","action":"ProcessGetUpdates", "result":"Done", "context":{"dataType":"Autofill Profiles", "deleted":"0", "process_failed_to_decrypt":"0", "process_pending_decryption":"0", "process_success":"1", "total":"1"}}
{"logTime": "0420/195330", "correlationVector":"uIv/vkkUFtuNtiwp+dfdSp.3","action":"ProcessGetUpdates", "result":"Done", "context":{"dataType":"Autofill", "deleted":"0", "process_failed_to_decrypt":"0", "process_pending_decryption":"0", "process_success":"26", "total":"26"}}
{"logTime": "0420/195330", "correlationVector":"uIv/vkkUFtuNtiwp+dfdSp.4","action":"ProcessGetUpdates", "result":"Done", "context":{"dataType":"Extensions", "deleted":"0", "process_failed_to_decrypt":"0", "process_pending_decryption":"0", "process_success":"1", "total":"1"}}
{"logTime": "0420/195330", "correlationVector":"uIv/vkkUFtuNtiwp+dfdSp.5","action":"ProcessGetUpdates", "result":"Done", "context":{"dataType":"Sessions", "deleted":"0", "process_failed_to_decrypt":"0", "process_pending_decryption":"0", "process_success":"4", "total":"4"}}
{"logTime": "0420/195330", "correlationVector":"uIv/vkkUFtuNtiwp+dfdSp.6","action":"ProcessGetUpdates", "result":"Done", "context":{"dataType":"Web Apps", "deleted":"0", "process_failed_to_decrypt":"0", "process_pending_decryption":"0", "process_success":"1", "total":"1"}}
{"logTime": "0420/195330", "correlationVector":"uIv/vkkUFtuNtiwp+dfdSp.7","action":"ProcessGetUpdates", "result":"Done", "context":{"dataType":"Collection", "deleted":"0", "process_failed_to_decrypt":"0", "process_pending_decryption":"0", "process_success":"2", "total":"2"}}
{"logTime": "0420/195330", "correlationVector":"uIv/vkkUFtuNtiwp+dfdSp.8","action":"ProcessGetUpdates", "result":"Done", "context":{"dataType":"Edge Hub App Usage", "deleted":"0", "process_failed_to_decrypt":"0", "process_pending_decryption":"0", "process_success":"27", "total":"27"}}
{"logTime": "0420/195330", "correlationVector":"uIv/vkkUFtuNtiwp+dfdSp.9","action":"GetUpdates Response", "result":"Success", "context":Received 62 update(s). cV=uIv/vkkUFtuNtiwp+dfdSp.0;server=akswtt11300000b;cloudType=Consumer;environment=Prod_eastus_prod-s01-056-nam-eastus;migrationStage=NotStarted}
{"logTime": "0420/195330", "correlationVector":"Fucu0nbrbjbR2JWjL9ugFa","action":"Initial GetUpdates", "result":"", "context":Reason: NEW_CLIENT. cV=Fucu0nbrbjbR2JWjL9ugFa}
{"logTime": "0420/195330", "correlationVector":"Fucu0nbrbjbR2JWjL9ugFa.1","action":"SyncServerConnectionManagerRequest", "result":"SYNC_SERVER_OK", "context":{"environment":"Prod_eastus_prod-s01-056-nam-eastus", "migrationStage":"NotStarted", "server":"akswtt11300000g"}}
{"logTime": "0420/195330", "correlationVector":"Fucu0nbrbjbR2JWjL9ugFa.2","action":"ProcessGetUpdates", "result":"Done", "context":{"dataType":"History", "deleted":"0", "process_failed_to_decrypt":"0", "process_pending_decryption":"0", "process_success":"43", "total":"43"}}
{"logTime": "0420/195330", "correlationVector":"Fucu0nbrbjbR2JWjL9ugFa.3","action":"GetUpdates Response", "result":"Success", "context":Received 43 update(s). cV=Fucu0nbrbjbR2JWjL9ugFa.0;server=akswtt11300000g;cloudType=Consumer;environment=Prod_eastus_prod-s01-056-nam-eastus;migrationStage=NotStarted}
